[0.267s] Invoking command in '/home/agalvan-admin/ros2_ws/build/lambda_tm': CMAKE_PREFIX_PATH=${CMAKE_PREFIX_PATH}:/opt/ros/galactic /usr/bin/cmake --build /home/agalvan-admin/ros2_ws/build/lambda_tm -- -j8 -l8
[0.366s] [35m[1mScanning dependencies of target lambda_force[0m
[0.403s] [ 50%] Built target lambda_publisher
[0.426s] [ 75%] [32mBuilding CXX object CMakeFiles/lambda_force.dir/src/lambda_force.cpp.o[0m
[2.149s] [01m[K/home/agalvan-admin/ros2_ws/src/lambda_tm/src/lambda_force.cpp:[m[K In member function â€˜[01m[Kvoid LambdaForce::handle_disconnection()[m[Kâ€™:
[2.149s] [01m[K/home/agalvan-admin/ros2_ws/src/lambda_tm/src/lambda_force.cpp:76:36:[m[K [01;31m[Kerror: [m[Kcannot convert â€˜[01m[Kint**[m[Kâ€™ to â€˜[01m[Kuint*[m[Kâ€™ {aka â€˜[01m[Kunsigned int*[m[Kâ€™}
[2.149s]    76 |         if(dhdGetVelocityThreshold([01;31m[K&fx[m[K, &fy, &fz, &tx, &ty, &tz, &f) == 0) {
[2.149s]       |                                    [01;31m[K^~~[m[K
[2.149s]       |                                    [01;31m[K|[m[K
[2.150s]       |                                    [01;31m[Kint**[m[K
[2.150s] In file included from [01m[K/home/agalvan-admin/ros2_ws/src/lambda_tm/src/lambda_force.cpp:22[m[K:
[2.150s] [01m[K/home/agalvan-admin/sdk-3.15.0/include/dhdc.h:307:75:[m[K [01;36m[Knote: [m[K  initializing argument 1 of â€˜[01m[Kint dhdGetVelocityThreshold(uint*, char)[m[Kâ€™
[2.150s]   307 |   int         __SDK dhdGetVelocityThreshold                        ([01;36m[Kuint *val[m[K, char ID = -1);
[2.150s]       |                                                                     [01;36m[K~~~~~~^~~[m[K
[2.150s] In file included from [01m[K/opt/ros/galactic/include/rclcpp/client.hpp:40[m[K,
[2.151s]                  from [01m[K/opt/ros/galactic/include/rclcpp/callback_group.hpp:23[m[K,
[2.151s]                  from [01m[K/opt/ros/galactic/include/rclcpp/any_executable.hpp:20[m[K,
[2.151s]                  from [01m[K/opt/ros/galactic/include/rclcpp/memory_strategy.hpp:25[m[K,
[2.151s]                  from [01m[K/opt/ros/galactic/include/rclcpp/memory_strategies.hpp:18[m[K,
[2.151s]                  from [01m[K/opt/ros/galactic/include/rclcpp/executor_options.hpp:20[m[K,
[2.151s]                  from [01m[K/opt/ros/galactic/include/rclcpp/executor.hpp:36[m[K,
[2.151s]                  from [01m[K/opt/ros/galactic/include/rclcpp/executors/multi_threaded_executor.hpp:26[m[K,
[2.152s]                  from [01m[K/opt/ros/galactic/include/rclcpp/executors.hpp:21[m[K,
[2.152s]                  from [01m[K/opt/ros/galactic/include/rclcpp/rclcpp.hpp:156[m[K,
[2.152s]                  from [01m[K/home/agalvan-admin/ros2_ws/src/lambda_tm/src/lambda_force.cpp:17[m[K:
[2.152s] [01m[K/home/agalvan-admin/ros2_ws/src/lambda_tm/src/lambda_force.cpp:77:45:[m[K [01;35m[Kwarning: [m[Kformat â€˜[01m[K%d[m[Kâ€™ expects argument of type â€˜[01m[Kint[m[Kâ€™, but argument 5 has type â€˜[01m[Kint*[m[Kâ€™ [[01;35m[K-Wformat=[m[K]
[2.152s]    77 |             RCLCPP_INFO(this->get_logger(), [01;35m[K"%d, %d, %d, %d, %d, %d, %d"[m[K, [32m[Kfx[m[K, fy, fz, tx, ty, tz, f);
[2.152s]       |                                             [01;35m[K^~~~~~~~~~~~~~~~~~~~~~~~~~~~[m[K  [32m[K~~[m[K
[2.152s]       |                                                                           [32m[K|[m[K
[2.153s]       |                                                                           [32m[Kint*[m[K
[2.153s] [01m[K/home/agalvan-admin/ros2_ws/src/lambda_tm/src/lambda_force.cpp:77:47:[m[K [01;36m[Knote: [m[Kformat string is defined here
[2.153s]    77 |             RCLCPP_INFO(this->get_logger(), "[01;36m[K%d[m[K, %d, %d, %d, %d, %d, %d", fx, fy, fz, tx, ty, tz, f);
[2.153s]       |                                              [01;36m[K~^[m[K
[2.153s]       |                                               [01;36m[K|[m[K
[2.153s]       |                                               [01;36m[Kint[m[K
[2.154s]       |                                              [32m[K%n[m[K
[2.154s] [01m[K/home/agalvan-admin/ros2_ws/src/lambda_tm/src/lambda_force.cpp:62:14:[m[K [01;35m[Kwarning: [m[Kunused variable â€˜[01m[Kb[m[Kâ€™ [[01;35m[K-Wunused-variable[m[K]
[2.154s]    62 |         uint [01;35m[Kb[m[K;
[2.154s]       |              [01;35m[K^[m[K
[3.581s] make[2]: *** [CMakeFiles/lambda_force.dir/build.make:63: CMakeFiles/lambda_force.dir/src/lambda_force.cpp.o] Error 1
[3.582s] make[1]: *** [CMakeFiles/Makefile2:80: CMakeFiles/lambda_force.dir/all] Error 2
[3.582s] make: *** [Makefile:141: all] Error 2
[3.586s] Invoked command in '/home/agalvan-admin/ros2_ws/build/lambda_tm' returned '2': CMAKE_PREFIX_PATH=${CMAKE_PREFIX_PATH}:/opt/ros/galactic /usr/bin/cmake --build /home/agalvan-admin/ros2_ws/build/lambda_tm -- -j8 -l8
