[35m[1mScanning dependencies of target lambda_force[0m
[ 50%] Built target lambda_publisher
[ 75%] [32mBuilding CXX object CMakeFiles/lambda_force.dir/src/lambda_force.cpp.o[0m
[01m[K/home/agalvan-admin/ros2_ws/src/lambda_tm/src/lambda_force.cpp:[m[K In member function â€˜[01m[Kvoid LambdaForce::handle_disconnection()[m[Kâ€™:
[01m[K/home/agalvan-admin/ros2_ws/src/lambda_tm/src/lambda_force.cpp:76:42:[m[K [01;31m[Kerror: [m[Kinvalid conversion from â€˜[01m[Kuint*[m[Kâ€™ {aka â€˜[01m[Kunsigned int*[m[Kâ€™} to â€˜[01m[Kchar[m[Kâ€™ [[01;31m[K-fpermissive[m[K]
   76 |         if (dhdGetVelocityThreshold(&fx, [01;31m[K&fy[m[K, &fz, &tx, &ty, &tz, &f) == 0) {
      |                                          [01;31m[K^~~[m[K
      |                                          [01;31m[K|[m[K
      |                                          [01;31m[Kuint* {aka unsigned int*}[m[K
[01m[K/home/agalvan-admin/ros2_ws/src/lambda_tm/src/lambda_force.cpp:76:69:[m[K [01;31m[Kerror: [m[Ktoo many arguments to function â€˜[01m[Kint dhdGetVelocityThreshold(uint*, char)[m[Kâ€™
   76 |         if (dhdGetVelocityThreshold(&fx, &fy, &fz, &tx, &ty, &tz, &f[01;31m[K)[m[K == 0) {
      |                                                                     [01;31m[K^[m[K
In file included from [01m[K/home/agalvan-admin/ros2_ws/src/lambda_tm/src/lambda_force.cpp:22[m[K:
[01m[K/home/agalvan-admin/sdk-3.15.0/include/dhdc.h:307:21:[m[K [01;36m[Knote: [m[Kdeclared here
  307 |   int         __SDK [01;36m[KdhdGetVelocityThreshold[m[K                        (uint *val, char ID = -1);
      |                     [01;36m[K^~~~~~~~~~~~~~~~~~~~~~~[m[K
[01m[K/home/agalvan-admin/ros2_ws/src/lambda_tm/src/lambda_force.cpp:62:14:[m[K [01;35m[Kwarning: [m[Kunused variable â€˜[01m[Kb[m[Kâ€™ [[01;35m[K-Wunused-variable[m[K]
   62 |         uint [01;35m[Kb[m[K;
      |              [01;35m[K^[m[K
make[2]: *** [CMakeFiles/lambda_force.dir/build.make:63: CMakeFiles/lambda_force.dir/src/lambda_force.cpp.o] Error 1
make[1]: *** [CMakeFiles/Makefile2:80: CMakeFiles/lambda_force.dir/all] Error 2
make: *** [Makefile:141: all] Error 2
