[0.281s] Invoking command in '/home/agalvan-admin/ros2_ws/build/lambda_tm': CMAKE_PREFIX_PATH=${CMAKE_PREFIX_PATH}:/opt/ros/galactic /usr/bin/cmake --build /home/agalvan-admin/ros2_ws/build/lambda_tm -- -j8 -l8
[0.390s] [35m[1mScanning dependencies of target lambda_force[0m
[0.431s] [ 50%] Built target lambda_publisher
[0.448s] [ 75%] [32mBuilding CXX object CMakeFiles/lambda_force.dir/src/lambda_force.cpp.o[0m
[2.333s] [01m[K/home/agalvan-admin/ros2_ws/src/lambda_tm/src/lambda_force.cpp:[m[K In member function â€˜[01m[Kvoid LambdaForce::handle_disconnection()[m[Kâ€™:
[2.333s] [01m[K/home/agalvan-admin/ros2_ws/src/lambda_tm/src/lambda_force.cpp:76:42:[m[K [01;31m[Kerror: [m[Kinvalid conversion from â€˜[01m[Kuint*[m[Kâ€™ {aka â€˜[01m[Kunsigned int*[m[Kâ€™} to â€˜[01m[Kchar[m[Kâ€™ [[01;31m[K-fpermissive[m[K]
[2.333s]    76 |         if (dhdGetVelocityThreshold(&fx, [01;31m[K&fy[m[K, &fz, &tx, &ty, &tz, &f) == 0) {
[2.334s]       |                                          [01;31m[K^~~[m[K
[2.334s]       |                                          [01;31m[K|[m[K
[2.334s]       |                                          [01;31m[Kuint* {aka unsigned int*}[m[K
[2.334s] [01m[K/home/agalvan-admin/ros2_ws/src/lambda_tm/src/lambda_force.cpp:76:69:[m[K [01;31m[Kerror: [m[Ktoo many arguments to function â€˜[01m[Kint dhdGetVelocityThreshold(uint*, char)[m[Kâ€™
[2.335s]    76 |         if (dhdGetVelocityThreshold(&fx, &fy, &fz, &tx, &ty, &tz, &f[01;31m[K)[m[K == 0) {
[2.335s]       |                                                                     [01;31m[K^[m[K
[2.335s] In file included from [01m[K/home/agalvan-admin/ros2_ws/src/lambda_tm/src/lambda_force.cpp:22[m[K:
[2.335s] [01m[K/home/agalvan-admin/sdk-3.15.0/include/dhdc.h:307:21:[m[K [01;36m[Knote: [m[Kdeclared here
[2.336s]   307 |   int         __SDK [01;36m[KdhdGetVelocityThreshold[m[K                        (uint *val, char ID = -1);
[2.336s]       |                     [01;36m[K^~~~~~~~~~~~~~~~~~~~~~~[m[K
[2.336s] [01m[K/home/agalvan-admin/ros2_ws/src/lambda_tm/src/lambda_force.cpp:62:14:[m[K [01;35m[Kwarning: [m[Kunused variable â€˜[01m[Kb[m[Kâ€™ [[01;35m[K-Wunused-variable[m[K]
[2.336s]    62 |         uint [01;35m[Kb[m[K;
[2.337s]       |              [01;35m[K^[m[K
[3.775s] make[2]: *** [CMakeFiles/lambda_force.dir/build.make:63: CMakeFiles/lambda_force.dir/src/lambda_force.cpp.o] Error 1
[3.776s] make[1]: *** [CMakeFiles/Makefile2:80: CMakeFiles/lambda_force.dir/all] Error 2
[3.776s] make: *** [Makefile:141: all] Error 2
[3.782s] Invoked command in '/home/agalvan-admin/ros2_ws/build/lambda_tm' returned '2': CMAKE_PREFIX_PATH=${CMAKE_PREFIX_PATH}:/opt/ros/galactic /usr/bin/cmake --build /home/agalvan-admin/ros2_ws/build/lambda_tm -- -j8 -l8
