[0.663s] Invoking command in '/home/agalvan-admin/ros2_ws/build/lambda_tm': CMAKE_PREFIX_PATH=${CMAKE_PREFIX_PATH}:/opt/ros/galactic /usr/bin/cmake --build /home/agalvan-admin/ros2_ws/build/lambda_tm -- -j8 -l8
[0.739s] [35m[1mScanning dependencies of target lambda_publisher[0m
[0.782s] [ 50%] Built target lambda_force
[0.786s] [ 75%] [32mBuilding CXX object CMakeFiles/lambda_publisher.dir/src/lambda_publisher.cpp.o[0m
[0.956s] [01m[K/home/agalvan-admin/ros2_ws/src/lambda_tm/src/lambda_publisher.cpp:105:[m[K [01;31m[Kerror: [m[Kunterminated argument list invoking macro "RCLCPP_INFO"
[0.956s]   105 | 
[0.956s]       | 
[2.782s] [01m[K/home/agalvan-admin/ros2_ws/src/lambda_tm/src/lambda_publisher.cpp:76:9:[m[K [01;31m[Kerror: [m[Kexpected â€˜[01m[K}[m[Kâ€™ at end of input
[2.782s]    76 |         [01;31m[KRCLCPP_INFO[m[K(this->get_logger(), "Publishing Linear Velocity: '<%.2f, %.2f, %.2f>' & Angular Velocity '<%.2f, %.2f, %.2f>'", msg.linear.x, msg.linear.y, msg.linear.z, msg.angular.x, msg.angular.y, msg.angular.z;
[2.783s]       |         [01;31m[K^~~~~~~~~~~[m[K
[2.783s] [01m[K/home/agalvan-admin/ros2_ws/src/lambda_tm/src/lambda_publisher.cpp:28:1:[m[K [01;36m[Knote: [m[Kto match this â€˜[01m[K{[m[Kâ€™
[2.783s]    28 | [01;36m[K{[m[K
[2.783s]       | [01;36m[K^[m[K
[2.786s] [01m[K/home/agalvan-admin/ros2_ws/src/lambda_tm/src/lambda_publisher.cpp:[m[K In constructor â€˜[01m[KLambdaPublisher::LambdaPublisher()[m[Kâ€™:
[2.786s] [01m[K/home/agalvan-admin/ros2_ws/src/lambda_tm/src/lambda_publisher.cpp:33:9:[m[K [01;31m[Kerror: [m[Kâ€˜[01m[Kpose_publisher_[m[Kâ€™ was not declared in this scope; did you mean â€˜[01m[Kcount_publishers[m[Kâ€™?
[2.786s]    33 |         [01;31m[Kpose_publisher_[m[K = this->create_publisher<geometry_msgs::msg::Pose>("lambda_pose", 10);
[2.786s]       |         [01;31m[K^~~~~~~~~~~~~~~[m[K
[2.786s]       |         [32m[Kcount_publishers[m[K
[2.794s] [01m[K/home/agalvan-admin/ros2_ws/src/lambda_tm/src/lambda_publisher.cpp:34:9:[m[K [01;31m[Kerror: [m[Kâ€˜[01m[Kvelocity_publisher_[m[Kâ€™ was not declared in this scope; did you mean â€˜[01m[Kcount_publishers[m[Kâ€™?
[2.794s]    34 |         [01;31m[Kvelocity_publisher_[m[K = this->create_publisher<geometry_msgs::msg::Twist>("lambda_velocity", 10);
[2.794s]       |         [01;31m[K^~~~~~~~~~~~~~~~~~~[m[K
[2.794s]       |         [32m[Kcount_publishers[m[K
[2.798s] [01m[K/home/agalvan-admin/ros2_ws/src/lambda_tm/src/lambda_publisher.cpp:36:9:[m[K [01;31m[Kerror: [m[Kâ€˜[01m[Ktimer_[m[Kâ€™ was not declared in this scope; did you mean â€˜[01m[Ktimer_t[m[Kâ€™?
[2.798s]    36 |         [01;31m[Ktimer_[m[K = this->create_wall_timer(100ms, [this]() {
[2.798s]       |         [01;31m[K^~~~~~[m[K
[2.798s]       |         [32m[Ktimer_t[m[K
[2.806s] [01m[K/home/agalvan-admin/ros2_ws/src/lambda_tm/src/lambda_publisher.cpp:[m[K In member function â€˜[01m[Kvoid LambdaPublisher::publishPoseMessage()[m[Kâ€™:
[2.806s] [01m[K/home/agalvan-admin/ros2_ws/src/lambda_tm/src/lambda_publisher.cpp:47:9:[m[K [01;31m[Kerror: [m[Kâ€˜[01m[KdhdGetPositionAndOrientation[m[Kâ€™ was not declared in this scope; did you mean â€˜[01m[KdhdGetPositionAndOrientationDeg[m[Kâ€™?
[2.806s]    47 |         [01;31m[KdhdGetPositionAndOrientation[m[K(&px, &py, &pz, matrix);
[2.806s]       |         [01;31m[K^~~~~~~~~~~~~~~~~~~~~~~~~~~~[m[K
[2.806s]       |         [32m[KdhdGetPositionAndOrientationDeg[m[K
[2.833s] In file included from [01m[K/opt/ros/galactic/include/rclcpp/client.hpp:40[m[K,
[2.833s]                  from [01m[K/opt/ros/galactic/include/rclcpp/callback_group.hpp:23[m[K,
[2.833s]                  from [01m[K/opt/ros/galactic/include/rclcpp/any_executable.hpp:20[m[K,
[2.833s]                  from [01m[K/opt/ros/galactic/include/rclcpp/memory_strategy.hpp:25[m[K,
[2.834s]                  from [01m[K/opt/ros/galactic/include/rclcpp/memory_strategies.hpp:18[m[K,
[2.834s]                  from [01m[K/opt/ros/galactic/include/rclcpp/executor_options.hpp:20[m[K,
[2.834s]                  from [01m[K/opt/ros/galactic/include/rclcpp/executor.hpp:36[m[K,
[2.834s]                  from [01m[K/opt/ros/galactic/include/rclcpp/executors/multi_threaded_executor.hpp:26[m[K,
[2.835s]                  from [01m[K/opt/ros/galactic/include/rclcpp/executors.hpp:21[m[K,
[2.835s]                  from [01m[K/opt/ros/galactic/include/rclcpp/rclcpp.hpp:156[m[K,
[2.835s]                  from [01m[K/home/agalvan-admin/ros2_ws/src/lambda_tm/src/lambda_publisher.cpp:15[m[K:
[2.836s] [01m[K/home/agalvan-admin/ros2_ws/src/lambda_tm/src/lambda_publisher.cpp:58:153:[m[K [01;31m[Kerror: [m[Kâ€˜[01m[Kstruct geometry_msgs::msg::Pose_<std::allocator<void> >[m[Kâ€™ has no member named â€˜[01m[Klinear[m[Kâ€™
[2.836s]    58 |         RCLCPP_INFO(this->get_logger(), "Publishing Position: '(%.2f, %.2f, %.2f)' & Orientation Quaternion(x, y, z, w): (%.2f, %.2f, %.2f, %.2f)", msg.[01;31m[Klinear[m[K.x, msg.linear.y, msg.linear.z, msg.angular.x, msg.angular.y, msg.angular.z, msg.angular.w);
[2.836s]       |                                                                                                                                                         [01;31m[K^~~~~~[m[K
[2.836s] [01m[K/home/agalvan-admin/ros2_ws/src/lambda_tm/src/lambda_publisher.cpp:58:167:[m[K [01;31m[Kerror: [m[Kâ€˜[01m[Kstruct geometry_msgs::msg::Pose_<std::allocator<void> >[m[Kâ€™ has no member named â€˜[01m[Klinear[m[Kâ€™
[2.837s]    58 |         RCLCPP_INFO(this->get_logger(), "Publishing Position: '(%.2f, %.2f, %.2f)' & Orientation Quaternion(x, y, z, w): (%.2f, %.2f, %.2f, %.2f)", msg.linear.x, msg.[01;31m[Klinear[m[K.y, msg.linear.z, msg.angular.x, msg.angular.y, msg.angular.z, msg.angular.w);
[2.837s]       |                                                                                                                                                                       [01;31m[K^~~~~~[m[K
[2.837s] [01m[K/home/agalvan-admin/ros2_ws/src/lambda_tm/src/lambda_publisher.cpp:58:181:[m[K [01;31m[Kerror: [m[Kâ€˜[01m[Kstruct geometry_msgs::msg::Pose_<std::allocator<void> >[m[Kâ€™ has no member named â€˜[01m[Klinear[m[Kâ€™
[2.837s]    58 |         RCLCPP_INFO(this->get_logger(), "Publishing Position: '(%.2f, %.2f, %.2f)' & Orientation Quaternion(x, y, z, w): (%.2f, %.2f, %.2f, %.2f)", msg.linear.x, msg.linear.y, msg.[01;31m[Klinear[m[K.z, msg.angular.x, msg.angular.y, msg.angular.z, msg.angular.w);
[2.838s]       |                                                                                                                                                                                     [01;31m[K^~~~~~[m[K
[2.838s] [01m[K/home/agalvan-admin/ros2_ws/src/lambda_tm/src/lambda_publisher.cpp:58:195:[m[K [01;31m[Kerror: [m[Kâ€˜[01m[Kstruct geometry_msgs::msg::Pose_<std::allocator<void> >[m[Kâ€™ has no member named â€˜[01m[Kangular[m[Kâ€™
[2.838s]    58 |         RCLCPP_INFO(this->get_logger(), "Publishing Position: '(%.2f, %.2f, %.2f)' & Orientation Quaternion(x, y, z, w): (%.2f, %.2f, %.2f, %.2f)", msg.linear.x, msg.linear.y, msg.linear.z, msg.[01;31m[Kangular[m[K.x, msg.angular.y, msg.angular.z, msg.angular.w);
[2.839s]       |                                                                                                                                                                                                   [01;31m[K^~~~~~~[m[K
[2.839s] [01m[K/home/agalvan-admin/ros2_ws/src/lambda_tm/src/lambda_publisher.cpp:58:210:[m[K [01;31m[Kerror: [m[Kâ€˜[01m[Kstruct geometry_msgs::msg::Pose_<std::allocator<void> >[m[Kâ€™ has no member named â€˜[01m[Kangular[m[Kâ€™
[2.839s]    58 |         RCLCPP_INFO(this->get_logger(), "Publishing Position: '(%.2f, %.2f, %.2f)' & Orientation Quaternion(x, y, z, w): (%.2f, %.2f, %.2f, %.2f)", msg.linear.x, msg.linear.y, msg.linear.z, msg.angular.x, msg.[01;31m[Kangular[m[K.y, msg.angular.z, msg.angular.w);
[2.840s]       |                                                                                                                                                                                                                  [01;31m[K^~~~~~~[m[K
[2.840s] [01m[K/home/agalvan-admin/ros2_ws/src/lambda_tm/src/lambda_publisher.cpp:58:225:[m[K [01;31m[Kerror: [m[Kâ€˜[01m[Kstruct geometry_msgs::msg::Pose_<std::allocator<void> >[m[Kâ€™ has no member named â€˜[01m[Kangular[m[Kâ€™
[2.840s]    58 |         RCLCPP_INFO(this->get_logger(), "Publishing Position: '(%.2f, %.2f, %.2f)' & Orientation Quaternion(x, y, z, w): (%.2f, %.2f, %.2f, %.2f)", msg.linear.x, msg.linear.y, msg.linear.z, msg.angular.x, msg.angular.y, msg.[01;31m[Kangular[m[K.z, msg.angular.w);
[2.840s]       |                                                                                                                                                                                                                                 [01;31m[K^~~~~~~[m[K
[2.841s] [01m[K/home/agalvan-admin/ros2_ws/src/lambda_tm/src/lambda_publisher.cpp:58:240:[m[K [01;31m[Kerror: [m[Kâ€˜[01m[Kstruct geometry_msgs::msg::Pose_<std::allocator<void> >[m[Kâ€™ has no member named â€˜[01m[Kangular[m[Kâ€™
[2.841s]    58 |         RCLCPP_INFO(this->get_logger(), "Publishing Position: '(%.2f, %.2f, %.2f)' & Orientation Quaternion(x, y, z, w): (%.2f, %.2f, %.2f, %.2f)", msg.linear.x, msg.linear.y, msg.linear.z, msg.angular.x, msg.angular.y, msg.angular.z, msg.[01;31m[Kangular[m[K.w);
[2.841s]       |                                                                                                                                                                                                                                                [01;31m[K^~~~~~~[m[K
[2.841s] [01m[K/home/agalvan-admin/ros2_ws/src/lambda_tm/src/lambda_publisher.cpp:59:9:[m[K [01;31m[Kerror: [m[Kâ€˜[01m[Kpose_publisher_[m[Kâ€™ was not declared in this scope; did you mean â€˜[01m[Kcount_publishers[m[Kâ€™?
[2.842s]    59 |         [01;31m[Kpose_publisher_[m[K->publish(msg);
[2.842s]       |         [01;31m[K^~~~~~~~~~~~~~~[m[K
[2.842s]       |         [32m[Kcount_publishers[m[K
[2.842s] [01m[K/home/agalvan-admin/ros2_ws/src/lambda_tm/src/lambda_publisher.cpp:[m[K In member function â€˜[01m[Kvoid LambdaPublisher::publishVelocityMessage()[m[Kâ€™:
[2.843s] [01m[K/home/agalvan-admin/ros2_ws/src/lambda_tm/src/lambda_publisher.cpp:76:9:[m[K [01;31m[Kerror: [m[Kâ€˜[01m[KRCLCPP_INFO[m[Kâ€™ was not declared in this scope
[2.843s]    76 |         [01;31m[KRCLCPP_INFO[m[K(this->get_logger(), "Publishing Linear Velocity: '<%.2f, %.2f, %.2f>' & Angular Velocity '<%.2f, %.2f, %.2f>'", msg.linear.x, msg.linear.y, msg.linear.z, msg.angular.x, msg.angular.y, msg.angular.z;
[2.843s]       |         [01;31m[K^~~~~~~~~~~[m[K
[2.843s] [01m[K/home/agalvan-admin/ros2_ws/src/lambda_tm/src/lambda_publisher.cpp:76:9:[m[K [01;31m[Kerror: [m[Kexpected â€˜[01m[K}[m[Kâ€™ at end of input
[2.844s] [01m[K/home/agalvan-admin/ros2_ws/src/lambda_tm/src/lambda_publisher.cpp:64:5:[m[K [01;36m[Knote: [m[Kto match this â€˜[01m[K{[m[Kâ€™
[2.844s]    64 |     [01;36m[K{[m[K
[2.844s]       |     [01;36m[K^[m[K
[2.844s] [01m[K/home/agalvan-admin/ros2_ws/src/lambda_tm/src/lambda_publisher.cpp:[m[K At global scope:
[2.845s] [01m[K/home/agalvan-admin/ros2_ws/src/lambda_tm/src/lambda_publisher.cpp:76:9:[m[K [01;31m[Kerror: [m[Kexpected unqualified-id at end of input
[2.845s]    76 |         [01;31m[KRCLCPP_INFO[m[K(this->get_logger(), "Publishing Linear Velocity: '<%.2f, %.2f, %.2f>' & Angular Velocity '<%.2f, %.2f, %.2f>'", msg.linear.x, msg.linear.y, msg.linear.z, msg.angular.x, msg.angular.y, msg.angular.z;
[2.845s]       |         [01;31m[K^~~~~~~~~~~[m[K
[3.588s] make[2]: *** [CMakeFiles/lambda_publisher.dir/build.make:63: CMakeFiles/lambda_publisher.dir/src/lambda_publisher.cpp.o] Error 1
[3.588s] make[1]: *** [CMakeFiles/Makefile2:107: CMakeFiles/lambda_publisher.dir/all] Error 2
[3.588s] make: *** [Makefile:141: all] Error 2
[3.591s] Invoked command in '/home/agalvan-admin/ros2_ws/build/lambda_tm' returned '2': CMAKE_PREFIX_PATH=${CMAKE_PREFIX_PATH}:/opt/ros/galactic /usr/bin/cmake --build /home/agalvan-admin/ros2_ws/build/lambda_tm -- -j8 -l8
