[0.262s] Invoking command in '/home/agalvan-admin/ros2_ws/build/lambda_tm': CMAKE_PREFIX_PATH=${CMAKE_PREFIX_PATH}:/opt/ros/galactic /usr/bin/cmake --build /home/agalvan-admin/ros2_ws/build/lambda_tm -- -j8 -l8
[0.374s] [35m[1mScanning dependencies of target lambda_force[0m
[0.418s] [ 50%] Built target lambda_publisher
[0.422s] [ 75%] [32mBuilding CXX object CMakeFiles/lambda_force.dir/src/lambda_force.cpp.o[0m
[2.115s] [01m[K/home/agalvan-admin/ros2_ws/src/lambda_tm/src/lambda_force.cpp:[m[K In member function â€˜[01m[Kvoid LambdaForce::handle_disconnection()[m[Kâ€™:
[2.115s] [01m[K/home/agalvan-admin/ros2_ws/src/lambda_tm/src/lambda_force.cpp:63:34:[m[K [01;31m[Kerror: [m[Kinvalid type argument of unary â€˜[01m[K*[m[Kâ€™ (have â€˜[01m[Kuint[m[Kâ€™ {aka â€˜[01m[Kunsigned int[m[Kâ€™})
[2.115s]    63 |         dhdGetVelocityThreshold(*[01;31m[Kb[m[K);
[2.115s]       |                                  [01;31m[K^[m[K
[2.116s] In file included from [01m[K/opt/ros/galactic/include/rclcpp/client.hpp:40[m[K,
[2.116s]                  from [01m[K/opt/ros/galactic/include/rclcpp/callback_group.hpp:23[m[K,
[2.116s]                  from [01m[K/opt/ros/galactic/include/rclcpp/any_executable.hpp:20[m[K,
[2.116s]                  from [01m[K/opt/ros/galactic/include/rclcpp/memory_strategy.hpp:25[m[K,
[2.116s]                  from [01m[K/opt/ros/galactic/include/rclcpp/memory_strategies.hpp:18[m[K,
[2.116s]                  from [01m[K/opt/ros/galactic/include/rclcpp/executor_options.hpp:20[m[K,
[2.117s]                  from [01m[K/opt/ros/galactic/include/rclcpp/executor.hpp:36[m[K,
[2.117s]                  from [01m[K/opt/ros/galactic/include/rclcpp/executors/multi_threaded_executor.hpp:26[m[K,
[2.117s]                  from [01m[K/opt/ros/galactic/include/rclcpp/executors.hpp:21[m[K,
[2.117s]                  from [01m[K/opt/ros/galactic/include/rclcpp/rclcpp.hpp:156[m[K,
[2.117s]                  from [01m[K/home/agalvan-admin/ros2_ws/src/lambda_tm/src/lambda_force.cpp:17[m[K:
[2.117s] [01m[K/home/agalvan-admin/ros2_ws/src/lambda_tm/src/lambda_force.cpp:64:41:[m[K [01;31m[Kerror: [m[Kinvalid conversion from â€˜[01m[Kuint[m[Kâ€™ {aka â€˜[01m[Kunsigned int[m[Kâ€™} to â€˜[01m[Kconst char*[m[Kâ€™ [[01;31m[K-fpermissive[m[K]
[2.117s]    64 |         RCLCPP_INFO(this->get_logger(), [01;31m[Kb[m[K);
[2.118s]       |                                         [01;31m[K^[m[K
[2.118s]       |                                         [01;31m[K|[m[K
[2.118s]       |                                         [01;31m[Kuint {aka unsigned int}[m[K
[2.118s] In file included from [01m[K/opt/ros/galactic/include/rmw/types.h:28[m[K,
[2.118s]                  from [01m[K/opt/ros/galactic/include/rcl/types.h:20[m[K,
[2.118s]                  from [01m[K/opt/ros/galactic/include/rcl/log_level.h:22[m[K,
[2.119s]                  from [01m[K/opt/ros/galactic/include/rcl/arguments.h:21[m[K,
[2.119s]                  from [01m[K/opt/ros/galactic/include/rcl/context.h:28[m[K,
[2.119s]                  from [01m[K/opt/ros/galactic/include/rcl/guard_condition.h:26[m[K,
[2.119s]                  from [01m[K/opt/ros/galactic/include/rclcpp/executor.hpp:30[m[K,
[2.119s]                  from [01m[K/opt/ros/galactic/include/rclcpp/executors/multi_threaded_executor.hpp:26[m[K,
[2.119s]                  from [01m[K/opt/ros/galactic/include/rclcpp/executors.hpp:21[m[K,
[2.119s]                  from [01m[K/opt/ros/galactic/include/rclcpp/rclcpp.hpp:156[m[K,
[2.120s]                  from [01m[K/home/agalvan-admin/ros2_ws/src/lambda_tm/src/lambda_force.cpp:17[m[K:
[2.120s] [01m[K/opt/ros/galactic/include/rcutils/logging.h:479:16:[m[K [01;36m[Knote: [m[K  initializing argument 4 of â€˜[01m[Kvoid rcutils_log(const rcutils_log_location_t*, int, const char*, const char*, ...)[m[Kâ€™
[2.120s]   479 |   [01;36m[Kconst char * format[m[K,
[2.120s]       |   [01;36m[K~~~~~~~~~~~~~^~~~~~[m[K
[3.535s] make[2]: *** [CMakeFiles/lambda_force.dir/build.make:63: CMakeFiles/lambda_force.dir/src/lambda_force.cpp.o] Error 1
[3.535s] make[1]: *** [CMakeFiles/Makefile2:80: CMakeFiles/lambda_force.dir/all] Error 2
[3.536s] make: *** [Makefile:141: all] Error 2
[3.540s] Invoked command in '/home/agalvan-admin/ros2_ws/build/lambda_tm' returned '2': CMAKE_PREFIX_PATH=${CMAKE_PREFIX_PATH}:/opt/ros/galactic /usr/bin/cmake --build /home/agalvan-admin/ros2_ws/build/lambda_tm -- -j8 -l8
