[35m[1mScanning dependencies of target lambda_force[0m
[ 50%] Built target lambda_publisher
[ 75%] [32mBuilding CXX object CMakeFiles/lambda_force.dir/src/lambda_force.cpp.o[0m
[01m[K/home/agalvan-admin/ros2_ws/src/lambda_tm/src/lambda_force.cpp:[m[K In member function â€˜[01m[Kvoid LambdaForce::handle_disconnection()[m[Kâ€™:
[01m[K/home/agalvan-admin/ros2_ws/src/lambda_tm/src/lambda_force.cpp:76:36:[m[K [01;31m[Kerror: [m[Kcannot convert â€˜[01m[Kint**[m[Kâ€™ to â€˜[01m[Kuint*[m[Kâ€™ {aka â€˜[01m[Kunsigned int*[m[Kâ€™}
   76 |         if(dhdGetVelocityThreshold([01;31m[K&fx[m[K, fy, fz, tx, ty, tz, f) == 0) {
      |                                    [01;31m[K^~~[m[K
      |                                    [01;31m[K|[m[K
      |                                    [01;31m[Kint**[m[K
In file included from [01m[K/home/agalvan-admin/ros2_ws/src/lambda_tm/src/lambda_force.cpp:22[m[K:
[01m[K/home/agalvan-admin/sdk-3.15.0/include/dhdc.h:307:75:[m[K [01;36m[Knote: [m[K  initializing argument 1 of â€˜[01m[Kint dhdGetVelocityThreshold(uint*, char)[m[Kâ€™
  307 |   int         __SDK dhdGetVelocityThreshold                        ([01;36m[Kuint *val[m[K, char ID = -1);
      |                                                                     [01;36m[K~~~~~~^~~[m[K
In file included from [01m[K/opt/ros/galactic/include/rclcpp/client.hpp:40[m[K,
                 from [01m[K/opt/ros/galactic/include/rclcpp/callback_group.hpp:23[m[K,
                 from [01m[K/opt/ros/galactic/include/rclcpp/any_executable.hpp:20[m[K,
                 from [01m[K/opt/ros/galactic/include/rclcpp/memory_strategy.hpp:25[m[K,
                 from [01m[K/opt/ros/galactic/include/rclcpp/memory_strategies.hpp:18[m[K,
                 from [01m[K/opt/ros/galactic/include/rclcpp/executor_options.hpp:20[m[K,
                 from [01m[K/opt/ros/galactic/include/rclcpp/executor.hpp:36[m[K,
                 from [01m[K/opt/ros/galactic/include/rclcpp/executors/multi_threaded_executor.hpp:26[m[K,
                 from [01m[K/opt/ros/galactic/include/rclcpp/executors.hpp:21[m[K,
                 from [01m[K/opt/ros/galactic/include/rclcpp/rclcpp.hpp:156[m[K,
                 from [01m[K/home/agalvan-admin/ros2_ws/src/lambda_tm/src/lambda_force.cpp:17[m[K:
[01m[K/home/agalvan-admin/ros2_ws/src/lambda_tm/src/lambda_force.cpp:77:81:[m[K [01;31m[Kerror: [m[Kinvalid type argument of unary â€˜[01m[K*[m[Kâ€™ (have â€˜[01m[Kint[m[Kâ€™)
   77 |             RCLCPP_INFO(this->get_logger(), "%d, %d, %d, %d, %d, %d, %d", *fx, *[01;31m[Kfy[m[K, *fz, *tx, *ty, *tz, *f);
      |                                                                                 [01;31m[K^~[m[K
[01m[K/home/agalvan-admin/ros2_ws/src/lambda_tm/src/lambda_force.cpp:77:86:[m[K [01;31m[Kerror: [m[Kinvalid type argument of unary â€˜[01m[K*[m[Kâ€™ (have â€˜[01m[Kint[m[Kâ€™)
   77 |             RCLCPP_INFO(this->get_logger(), "%d, %d, %d, %d, %d, %d, %d", *fx, *fy, *[01;31m[Kfz[m[K, *tx, *ty, *tz, *f);
      |                                                                                      [01;31m[K^~[m[K
[01m[K/home/agalvan-admin/ros2_ws/src/lambda_tm/src/lambda_force.cpp:77:91:[m[K [01;31m[Kerror: [m[Kinvalid type argument of unary â€˜[01m[K*[m[Kâ€™ (have â€˜[01m[Kint[m[Kâ€™)
   77 |             RCLCPP_INFO(this->get_logger(), "%d, %d, %d, %d, %d, %d, %d", *fx, *fy, *fz, *[01;31m[Ktx[m[K, *ty, *tz, *f);
      |                                                                                           [01;31m[K^~[m[K
[01m[K/home/agalvan-admin/ros2_ws/src/lambda_tm/src/lambda_force.cpp:77:96:[m[K [01;31m[Kerror: [m[Kinvalid type argument of unary â€˜[01m[K*[m[Kâ€™ (have â€˜[01m[Kint[m[Kâ€™)
   77 |             RCLCPP_INFO(this->get_logger(), "%d, %d, %d, %d, %d, %d, %d", *fx, *fy, *fz, *tx, *[01;31m[Kty[m[K, *tz, *f);
      |                                                                                                [01;31m[K^~[m[K
[01m[K/home/agalvan-admin/ros2_ws/src/lambda_tm/src/lambda_force.cpp:77:101:[m[K [01;31m[Kerror: [m[Kinvalid type argument of unary â€˜[01m[K*[m[Kâ€™ (have â€˜[01m[Kint[m[Kâ€™)
   77 |             RCLCPP_INFO(this->get_logger(), "%d, %d, %d, %d, %d, %d, %d", *fx, *fy, *fz, *tx, *ty, *[01;31m[Ktz[m[K, *f);
      |                                                                                                     [01;31m[K^~[m[K
[01m[K/home/agalvan-admin/ros2_ws/src/lambda_tm/src/lambda_force.cpp:77:106:[m[K [01;31m[Kerror: [m[Kinvalid type argument of unary â€˜[01m[K*[m[Kâ€™ (have â€˜[01m[Kint[m[Kâ€™)
   77 |             RCLCPP_INFO(this->get_logger(), "%d, %d, %d, %d, %d, %d, %d", *fx, *fy, *fz, *tx, *ty, *tz, *[01;31m[Kf[m[K);
      |                                                                                                          [01;31m[K^[m[K
[01m[K/home/agalvan-admin/ros2_ws/src/lambda_tm/src/lambda_force.cpp:62:14:[m[K [01;35m[Kwarning: [m[Kunused variable â€˜[01m[Kb[m[Kâ€™ [[01;35m[K-Wunused-variable[m[K]
   62 |         uint [01;35m[Kb[m[K;
      |              [01;35m[K^[m[K
make[2]: *** [CMakeFiles/lambda_force.dir/build.make:63: CMakeFiles/lambda_force.dir/src/lambda_force.cpp.o] Error 1
make[1]: *** [CMakeFiles/Makefile2:80: CMakeFiles/lambda_force.dir/all] Error 2
make: *** [Makefile:141: all] Error 2
