[0.263s] Invoking command in '/home/agalvan-admin/ros2_ws/build/lambda_tm': CMAKE_PREFIX_PATH=${CMAKE_PREFIX_PATH}:/opt/ros/galactic /usr/bin/cmake --build /home/agalvan-admin/ros2_ws/build/lambda_tm -- -j8 -l8
[0.370s] [35m[1mScanning dependencies of target lambda_force[0m
[0.402s] [ 50%] Built target lambda_publisher
[0.428s] [ 75%] [32mBuilding CXX object CMakeFiles/lambda_force.dir/src/lambda_force.cpp.o[0m
[2.142s] [01m[K/home/agalvan-admin/ros2_ws/src/lambda_tm/src/lambda_force.cpp:[m[K In member function â€˜[01m[Kvoid LambdaForce::handle_disconnection()[m[Kâ€™:
[2.142s] [01m[K/home/agalvan-admin/ros2_ws/src/lambda_tm/src/lambda_force.cpp:76:36:[m[K [01;31m[Kerror: [m[Kcannot convert â€˜[01m[Kint**[m[Kâ€™ to â€˜[01m[Kuint*[m[Kâ€™ {aka â€˜[01m[Kunsigned int*[m[Kâ€™}
[2.142s]    76 |         if(dhdGetVelocityThreshold([01;31m[K&fx[m[K, fy, fz, tx, ty, tz, f) == 0) {
[2.143s]       |                                    [01;31m[K^~~[m[K
[2.143s]       |                                    [01;31m[K|[m[K
[2.143s]       |                                    [01;31m[Kint**[m[K
[2.143s] In file included from [01m[K/home/agalvan-admin/ros2_ws/src/lambda_tm/src/lambda_force.cpp:22[m[K:
[2.143s] [01m[K/home/agalvan-admin/sdk-3.15.0/include/dhdc.h:307:75:[m[K [01;36m[Knote: [m[K  initializing argument 1 of â€˜[01m[Kint dhdGetVelocityThreshold(uint*, char)[m[Kâ€™
[2.143s]   307 |   int         __SDK dhdGetVelocityThreshold                        ([01;36m[Kuint *val[m[K, char ID = -1);
[2.144s]       |                                                                     [01;36m[K~~~~~~^~~[m[K
[2.144s] In file included from [01m[K/opt/ros/galactic/include/rclcpp/client.hpp:40[m[K,
[2.144s]                  from [01m[K/opt/ros/galactic/include/rclcpp/callback_group.hpp:23[m[K,
[2.144s]                  from [01m[K/opt/ros/galactic/include/rclcpp/any_executable.hpp:20[m[K,
[2.144s]                  from [01m[K/opt/ros/galactic/include/rclcpp/memory_strategy.hpp:25[m[K,
[2.144s]                  from [01m[K/opt/ros/galactic/include/rclcpp/memory_strategies.hpp:18[m[K,
[2.144s]                  from [01m[K/opt/ros/galactic/include/rclcpp/executor_options.hpp:20[m[K,
[2.145s]                  from [01m[K/opt/ros/galactic/include/rclcpp/executor.hpp:36[m[K,
[2.145s]                  from [01m[K/opt/ros/galactic/include/rclcpp/executors/multi_threaded_executor.hpp:26[m[K,
[2.145s]                  from [01m[K/opt/ros/galactic/include/rclcpp/executors.hpp:21[m[K,
[2.145s]                  from [01m[K/opt/ros/galactic/include/rclcpp/rclcpp.hpp:156[m[K,
[2.145s]                  from [01m[K/home/agalvan-admin/ros2_ws/src/lambda_tm/src/lambda_force.cpp:17[m[K:
[2.145s] [01m[K/home/agalvan-admin/ros2_ws/src/lambda_tm/src/lambda_force.cpp:77:81:[m[K [01;31m[Kerror: [m[Kinvalid type argument of unary â€˜[01m[K*[m[Kâ€™ (have â€˜[01m[Kint[m[Kâ€™)
[2.146s]    77 |             RCLCPP_INFO(this->get_logger(), "%d, %d, %d, %d, %d, %d, %d", *fx, *[01;31m[Kfy[m[K, *fz, *tx, *ty, *tz, *f);
[2.146s]       |                                                                                 [01;31m[K^~[m[K
[2.146s] [01m[K/home/agalvan-admin/ros2_ws/src/lambda_tm/src/lambda_force.cpp:77:86:[m[K [01;31m[Kerror: [m[Kinvalid type argument of unary â€˜[01m[K*[m[Kâ€™ (have â€˜[01m[Kint[m[Kâ€™)
[2.146s]    77 |             RCLCPP_INFO(this->get_logger(), "%d, %d, %d, %d, %d, %d, %d", *fx, *fy, *[01;31m[Kfz[m[K, *tx, *ty, *tz, *f);
[2.146s]       |                                                                                      [01;31m[K^~[m[K
[2.146s] [01m[K/home/agalvan-admin/ros2_ws/src/lambda_tm/src/lambda_force.cpp:77:91:[m[K [01;31m[Kerror: [m[Kinvalid type argument of unary â€˜[01m[K*[m[Kâ€™ (have â€˜[01m[Kint[m[Kâ€™)
[2.146s]    77 |             RCLCPP_INFO(this->get_logger(), "%d, %d, %d, %d, %d, %d, %d", *fx, *fy, *fz, *[01;31m[Ktx[m[K, *ty, *tz, *f);
[2.147s]       |                                                                                           [01;31m[K^~[m[K
[2.147s] [01m[K/home/agalvan-admin/ros2_ws/src/lambda_tm/src/lambda_force.cpp:77:96:[m[K [01;31m[Kerror: [m[Kinvalid type argument of unary â€˜[01m[K*[m[Kâ€™ (have â€˜[01m[Kint[m[Kâ€™)
[2.147s]    77 |             RCLCPP_INFO(this->get_logger(), "%d, %d, %d, %d, %d, %d, %d", *fx, *fy, *fz, *tx, *[01;31m[Kty[m[K, *tz, *f);
[2.147s]       |                                                                                                [01;31m[K^~[m[K
[2.147s] [01m[K/home/agalvan-admin/ros2_ws/src/lambda_tm/src/lambda_force.cpp:77:101:[m[K [01;31m[Kerror: [m[Kinvalid type argument of unary â€˜[01m[K*[m[Kâ€™ (have â€˜[01m[Kint[m[Kâ€™)
[2.147s]    77 |             RCLCPP_INFO(this->get_logger(), "%d, %d, %d, %d, %d, %d, %d", *fx, *fy, *fz, *tx, *ty, *[01;31m[Ktz[m[K, *f);
[2.148s]       |                                                                                                     [01;31m[K^~[m[K
[2.148s] [01m[K/home/agalvan-admin/ros2_ws/src/lambda_tm/src/lambda_force.cpp:77:106:[m[K [01;31m[Kerror: [m[Kinvalid type argument of unary â€˜[01m[K*[m[Kâ€™ (have â€˜[01m[Kint[m[Kâ€™)
[2.148s]    77 |             RCLCPP_INFO(this->get_logger(), "%d, %d, %d, %d, %d, %d, %d", *fx, *fy, *fz, *tx, *ty, *tz, *[01;31m[Kf[m[K);
[2.148s]       |                                                                                                          [01;31m[K^[m[K
[2.148s] [01m[K/home/agalvan-admin/ros2_ws/src/lambda_tm/src/lambda_force.cpp:62:14:[m[K [01;35m[Kwarning: [m[Kunused variable â€˜[01m[Kb[m[Kâ€™ [[01;35m[K-Wunused-variable[m[K]
[2.148s]    62 |         uint [01;35m[Kb[m[K;
[2.148s]       |              [01;35m[K^[m[K
[3.568s] make[2]: *** [CMakeFiles/lambda_force.dir/build.make:63: CMakeFiles/lambda_force.dir/src/lambda_force.cpp.o] Error 1
[3.568s] make[1]: *** [CMakeFiles/Makefile2:80: CMakeFiles/lambda_force.dir/all] Error 2
[3.569s] make: *** [Makefile:141: all] Error 2
[3.573s] Invoked command in '/home/agalvan-admin/ros2_ws/build/lambda_tm' returned '2': CMAKE_PREFIX_PATH=${CMAKE_PREFIX_PATH}:/opt/ros/galactic /usr/bin/cmake --build /home/agalvan-admin/ros2_ws/build/lambda_tm -- -j8 -l8
