[0.707s] Invoking command in '/home/agalvan-admin/ros2_ws/build/lambda_tm': CMAKE_PREFIX_PATH=${CMAKE_PREFIX_PATH}:/opt/ros/galactic /usr/bin/cmake --build /home/agalvan-admin/ros2_ws/build/lambda_tm -- -j8 -l8
[0.810s] [ 75%] Built target lambda_force
[0.811s] [ 75%] [32mBuilding CXX object CMakeFiles/lambda_publisher.dir/src/lambda_publisher.cpp.o[0m
[0.988s] [01m[K/home/agalvan-admin/ros2_ws/src/lambda_tm/src/lambda_publisher.cpp:105:[m[K [01;31m[Kerror: [m[Kunterminated argument list invoking macro "RCLCPP_INFO"
[0.988s]   105 | 
[0.988s]       | 
[2.836s] [01m[K/home/agalvan-admin/ros2_ws/src/lambda_tm/src/lambda_publisher.cpp:76:9:[m[K [01;31m[Kerror: [m[Kexpected â€˜[01m[K}[m[Kâ€™ at end of input
[2.836s]    76 |         [01;31m[KRCLCPP_INFO[m[K(this->get_logger(), "Publishing Linear Velocity: '<%.2f, %.2f, %.2f>' & Angular Velocity '<%.2f, %.2f, %.2f>'", msg.linear.x, msg.linear.y, msg.linear.z, msg.angular.x, msg.angular.y, msg.angular.z;
[2.837s]       |         [01;31m[K^~~~~~~~~~~[m[K
[2.837s] [01m[K/home/agalvan-admin/ros2_ws/src/lambda_tm/src/lambda_publisher.cpp:28:1:[m[K [01;36m[Knote: [m[Kto match this â€˜[01m[K{[m[Kâ€™
[2.837s]    28 | [01;36m[K{[m[K
[2.837s]       | [01;36m[K^[m[K
[2.840s] [01m[K/home/agalvan-admin/ros2_ws/src/lambda_tm/src/lambda_publisher.cpp:[m[K In constructor â€˜[01m[KLambdaPublisher::LambdaPublisher()[m[Kâ€™:
[2.841s] [01m[K/home/agalvan-admin/ros2_ws/src/lambda_tm/src/lambda_publisher.cpp:33:9:[m[K [01;31m[Kerror: [m[Kâ€˜[01m[Kpose_publisher_[m[Kâ€™ was not declared in this scope; did you mean â€˜[01m[Kcount_publishers[m[Kâ€™?
[2.841s]    33 |         [01;31m[Kpose_publisher_[m[K = this->create_publisher<geometry_msgs::msg::Pose>("lambda_pose", 10);
[2.841s]       |         [01;31m[K^~~~~~~~~~~~~~~[m[K
[2.841s]       |         [32m[Kcount_publishers[m[K
[2.848s] [01m[K/home/agalvan-admin/ros2_ws/src/lambda_tm/src/lambda_publisher.cpp:34:9:[m[K [01;31m[Kerror: [m[Kâ€˜[01m[Kvelocity_publisher_[m[Kâ€™ was not declared in this scope; did you mean â€˜[01m[Kcount_publishers[m[Kâ€™?
[2.848s]    34 |         [01;31m[Kvelocity_publisher_[m[K = this->create_publisher<geometry_msgs::msg::Twist>("lambda_velocity", 10);
[2.848s]       |         [01;31m[K^~~~~~~~~~~~~~~~~~~[m[K
[2.849s]       |         [32m[Kcount_publishers[m[K
[2.852s] [01m[K/home/agalvan-admin/ros2_ws/src/lambda_tm/src/lambda_publisher.cpp:36:9:[m[K [01;31m[Kerror: [m[Kâ€˜[01m[Ktimer_[m[Kâ€™ was not declared in this scope; did you mean â€˜[01m[Ktimer_t[m[Kâ€™?
[2.852s]    36 |         [01;31m[Ktimer_[m[K = this->create_wall_timer(100ms, [this]() {
[2.853s]       |         [01;31m[K^~~~~~[m[K
[2.853s]       |         [32m[Ktimer_t[m[K
[2.857s] [01m[K/home/agalvan-admin/ros2_ws/src/lambda_tm/src/lambda_publisher.cpp:[m[K In member function â€˜[01m[Kvoid LambdaPublisher::publishPoseMessage()[m[Kâ€™:
[2.857s] [01m[K/home/agalvan-admin/ros2_ws/src/lambda_tm/src/lambda_publisher.cpp:47:56:[m[K [01;31m[Kerror: [m[Kcannot convert â€˜[01m[Kdouble (*)[3][m[Kâ€™ to â€˜[01m[Kdouble*[m[Kâ€™
[2.857s]    47 |         dhdGetPositionAndOrientationRad(&px, &py, &pz, [01;31m[Kmatrix[m[K);
[2.857s]       |                                                        [01;31m[K^~~~~~[m[K
[2.857s]       |                                                        [01;31m[K|[m[K
[2.857s]       |                                                        [01;31m[Kdouble (*)[3][m[K
[2.857s] In file included from [01m[K/home/agalvan-admin/ros2_ws/src/lambda_tm/src/lambda_publisher.cpp:23[m[K:
[2.857s] [01m[K/home/agalvan-admin/sdk-3.15.0/include/dhdc.h:255:113:[m[K [01;36m[Knote: [m[K  initializing argument 4 of â€˜[01m[Kint dhdGetPositionAndOrientationRad(double*, double*, double*, double*, double*, double*, char)[m[Kâ€™
[2.857s]   255 |   int         __SDK dhdGetPositionAndOrientationRad                (double *px, double *py, double *pz, [01;36m[Kdouble *oa[m[K, double *ob, double *og, char ID = -1);
[2.858s]       |                                                                                                         [01;36m[K~~~~~~~~^~[m[K
[2.888s] [01m[K/home/agalvan-admin/ros2_ws/src/lambda_tm/src/lambda_publisher.cpp:59:9:[m[K [01;31m[Kerror: [m[Kâ€˜[01m[Kpose_publisher_[m[Kâ€™ was not declared in this scope; did you mean â€˜[01m[Kcount_publishers[m[Kâ€™?
[2.888s]    59 |         [01;31m[Kpose_publisher_[m[K->publish(msg);
[2.888s]       |         [01;31m[K^~~~~~~~~~~~~~~[m[K
[2.888s]       |         [32m[Kcount_publishers[m[K
[2.891s] [01m[K/home/agalvan-admin/ros2_ws/src/lambda_tm/src/lambda_publisher.cpp:[m[K In member function â€˜[01m[Kvoid LambdaPublisher::publishVelocityMessage()[m[Kâ€™:
[2.892s] [01m[K/home/agalvan-admin/ros2_ws/src/lambda_tm/src/lambda_publisher.cpp:76:9:[m[K [01;31m[Kerror: [m[Kâ€˜[01m[KRCLCPP_INFO[m[Kâ€™ was not declared in this scope
[2.892s]    76 |         [01;31m[KRCLCPP_INFO[m[K(this->get_logger(), "Publishing Linear Velocity: '<%.2f, %.2f, %.2f>' & Angular Velocity '<%.2f, %.2f, %.2f>'", msg.linear.x, msg.linear.y, msg.linear.z, msg.angular.x, msg.angular.y, msg.angular.z;
[2.892s]       |         [01;31m[K^~~~~~~~~~~[m[K
[2.892s] [01m[K/home/agalvan-admin/ros2_ws/src/lambda_tm/src/lambda_publisher.cpp:76:9:[m[K [01;31m[Kerror: [m[Kexpected â€˜[01m[K}[m[Kâ€™ at end of input
[2.892s] [01m[K/home/agalvan-admin/ros2_ws/src/lambda_tm/src/lambda_publisher.cpp:64:5:[m[K [01;36m[Knote: [m[Kto match this â€˜[01m[K{[m[Kâ€™
[2.892s]    64 |     [01;36m[K{[m[K
[2.892s]       |     [01;36m[K^[m[K
[2.892s] [01m[K/home/agalvan-admin/ros2_ws/src/lambda_tm/src/lambda_publisher.cpp:[m[K At global scope:
[2.892s] [01m[K/home/agalvan-admin/ros2_ws/src/lambda_tm/src/lambda_publisher.cpp:76:9:[m[K [01;31m[Kerror: [m[Kexpected unqualified-id at end of input
[2.893s]    76 |         [01;31m[KRCLCPP_INFO[m[K(this->get_logger(), "Publishing Linear Velocity: '<%.2f, %.2f, %.2f>' & Angular Velocity '<%.2f, %.2f, %.2f>'", msg.linear.x, msg.linear.y, msg.linear.z, msg.angular.x, msg.angular.y, msg.angular.z;
[2.893s]       |         [01;31m[K^~~~~~~~~~~[m[K
[3.640s] make[2]: *** [CMakeFiles/lambda_publisher.dir/build.make:63: CMakeFiles/lambda_publisher.dir/src/lambda_publisher.cpp.o] Error 1
[3.641s] make[1]: *** [CMakeFiles/Makefile2:107: CMakeFiles/lambda_publisher.dir/all] Error 2
[3.642s] make: *** [Makefile:141: all] Error 2
[3.646s] Invoked command in '/home/agalvan-admin/ros2_ws/build/lambda_tm' returned '2': CMAKE_PREFIX_PATH=${CMAKE_PREFIX_PATH}:/opt/ros/galactic /usr/bin/cmake --build /home/agalvan-admin/ros2_ws/build/lambda_tm -- -j8 -l8
