[0.238s] Invoking command in '/home/agalvan-admin/ros2_ws/build/lambda_tm': CMAKE_PREFIX_PATH=/opt/ros/galactic /usr/bin/cmake --build /home/agalvan-admin/ros2_ws/build/lambda_tm -- -j8 -l8
[0.319s] [35m[1mScanning dependencies of target lambda_force[0m
[0.342s] [ 50%] Built target lambda_publisher
[0.352s] [ 75%] [32mBuilding CXX object CMakeFiles/lambda_force.dir/src/lambda_force.cpp.o[0m
[2.006s] [01m[K/home/agalvan-admin/ros2_ws/src/lambda_tm/src/lambda_force.cpp:[m[K In member function â€˜[01m[Kvoid LambdaForce::force_activator(const Vector3&) const[m[Kâ€™:
[2.007s] [01m[K/home/agalvan-admin/ros2_ws/src/lambda_tm/src/lambda_force.cpp:39:9:[m[K [01;31m[Kerror: [m[Kâ€˜[01m[Klast_message_time_[m[Kâ€™ was not declared in this scope
[2.007s]    39 |         [01;31m[Klast_message_time_[m[K = this->now();
[2.007s]       |         [01;31m[K^~~~~~~~~~~~~~~~~~[m[K
[3.369s] make[2]: *** [CMakeFiles/lambda_force.dir/build.make:63: CMakeFiles/lambda_force.dir/src/lambda_force.cpp.o] Error 1
[3.370s] make[1]: *** [CMakeFiles/Makefile2:80: CMakeFiles/lambda_force.dir/all] Error 2
[3.371s] make: *** [Makefile:141: all] Error 2
[3.375s] Invoked command in '/home/agalvan-admin/ros2_ws/build/lambda_tm' returned '2': CMAKE_PREFIX_PATH=/opt/ros/galactic /usr/bin/cmake --build /home/agalvan-admin/ros2_ws/build/lambda_tm -- -j8 -l8
