[35m[1mScanning dependencies of target lambda_publisher[0m
[ 50%] Built target lambda_force
[ 75%] [32mBuilding CXX object CMakeFiles/lambda_publisher.dir/src/lambda_publisher.cpp.o[0m
[01m[K/home/agalvan-admin/ros2_ws/src/lambda_tm/src/lambda_publisher.cpp:20:10:[m[K [01;31m[Kfatal error: [m[KEigen3/Dense: No such file or directory
   20 | #include [01;31m[K<Eigen3/Dense>[m[K
      |          [01;31m[K^~~~~~~~~~~~~~[m[K
compilation terminated.
make[2]: *** [CMakeFiles/lambda_publisher.dir/build.make:63: CMakeFiles/lambda_publisher.dir/src/lambda_publisher.cpp.o] Error 1
make[1]: *** [CMakeFiles/Makefile2:107: CMakeFiles/lambda_publisher.dir/all] Error 2
make: *** [Makefile:141: all] Error 2
