[01m[K/home/agalvan-admin/ros2_ws/src/lambda_tm/src/lambda_force.cpp:23:12:[m[K [01;31m[Kerror: [m[Knamespace â€˜[01m[Kstd::literals::chrono_literals[m[Kâ€™ not allowed in using-declaration
   23 | using std::[01;31m[Kchrono_literals[m[K;
      |            [01;31m[K^~~~~~~~~~~~~~~[m[K
[01m[K/home/agalvan-admin/ros2_ws/src/lambda_tm/src/lambda_force.cpp:[m[K In constructor â€˜[01m[KLambdaForce::LambdaForce()[m[Kâ€™:
[01m[K/home/agalvan-admin/ros2_ws/src/lambda_tm/src/lambda_force.cpp:32:42:[m[K [01;31m[Kerror: [m[Kunable to find numeric literal operator â€˜[01m[Koperator""ms[m[Kâ€™
   32 |         timer_ = this->create_wall_timer([01;31m[K100ms[m[K, std::bind(&LambdaForce::check_connection, this)); //TODO: update the time for updatesd for the timer
      |                                          [01;31m[K^~~~~[m[K
[01m[K/home/agalvan-admin/ros2_ws/src/lambda_tm/src/lambda_force.cpp:[m[K In member function â€˜[01m[Kvoid LambdaForce::force_activator(const Vector3&) const[m[Kâ€™:
[01m[K/home/agalvan-admin/ros2_ws/src/lambda_tm/src/lambda_force.cpp:38:9:[m[K [01;31m[Kerror: [m[Kâ€˜[01m[Klast_message_time_[m[Kâ€™ was not declared in this scope
   38 |         [01;31m[Klast_message_time_[m[K = this->now();
      |         [01;31m[K^~~~~~~~~~~~~~~~~~[m[K
make[2]: *** [CMakeFiles/lambda_force.dir/build.make:63: CMakeFiles/lambda_force.dir/src/lambda_force.cpp.o] Error 1
make[1]: *** [CMakeFiles/Makefile2:80: CMakeFiles/lambda_force.dir/all] Error 2
make: *** [Makefile:141: all] Error 2
