[0.206s] Invoking command in '/home/agalvan-admin/ros2_ws/build/lambda_tm': CMAKE_PREFIX_PATH=/opt/ros/galactic /usr/bin/cmake --build /home/agalvan-admin/ros2_ws/build/lambda_tm -- -j8 -l8
[0.310s] [35m[1mScanning dependencies of target lambda_force[0m
[0.338s] [ 50%] Built target lambda_publisher
[0.357s] [ 75%] [32mBuilding CXX object CMakeFiles/lambda_force.dir/src/lambda_force.cpp.o[0m
[1.974s] [01m[K/home/agalvan-admin/ros2_ws/src/lambda_tm/src/lambda_force.cpp:[m[K In member function â€˜[01m[Kvoid LambdaForce::handle_disconnection()[m[Kâ€™:
[1.974s] [01m[K/home/agalvan-admin/ros2_ws/src/lambda_tm/src/lambda_force.cpp:60:13:[m[K [01;31m[Kerror: [m[Kâ€˜[01m[KdhdSEnableForce[m[Kâ€™ was not declared in this scope; did you mean â€˜[01m[KdhdEnableForce[m[Kâ€™?
[1.974s]    60 |         if ([01;31m[KdhdSEnableForce[m[K(DHD_OFF) < 0) {// Turns off Lambda.7 gravity compensation
[1.975s]       |             [01;31m[K^~~~~~~~~~~~~~~[m[K
[1.975s]       |             [32m[KdhdEnableForce[m[K
[3.406s] make[2]: *** [CMakeFiles/lambda_force.dir/build.make:63: CMakeFiles/lambda_force.dir/src/lambda_force.cpp.o] Error 1
[3.406s] make[1]: *** [CMakeFiles/Makefile2:80: CMakeFiles/lambda_force.dir/all] Error 2
[3.407s] make: *** [Makefile:141: all] Error 2
[3.411s] Invoked command in '/home/agalvan-admin/ros2_ws/build/lambda_tm' returned '2': CMAKE_PREFIX_PATH=/opt/ros/galactic /usr/bin/cmake --build /home/agalvan-admin/ros2_ws/build/lambda_tm -- -j8 -l8
