[0.686s] Invoking command in '/home/agalvan-admin/ros2_ws/build/lambda_tm': CMAKE_PREFIX_PATH=${CMAKE_PREFIX_PATH}:/opt/ros/galactic /usr/bin/cmake --build /home/agalvan-admin/ros2_ws/build/lambda_tm -- -j8 -l8
[0.804s] [35m[1mScanning dependencies of target lambda_publisher[0m
[0.835s] [ 50%] Built target lambda_force
[0.870s] [ 75%] [32mBuilding CXX object CMakeFiles/lambda_publisher.dir/src/lambda_publisher.cpp.o[0m
[2.917s] [01m[K/home/agalvan-admin/ros2_ws/src/lambda_tm/src/lambda_publisher.cpp:[m[K In function â€˜[01m[Kint main(int, char**)[m[Kâ€™:
[2.917s] [01m[K/home/agalvan-admin/ros2_ws/src/lambda_tm/src/lambda_publisher.cpp:95:35:[m[K [01;31m[Kerror: [m[Kâ€˜[01m[KLambdaForce[m[Kâ€™ was not declared in this scope
[2.917s]    95 |     rclcpp::spin(std::make_shared<[01;31m[KLambdaForce[m[K>());
[2.918s]       |                                   [01;31m[K^~~~~~~~~~~[m[K
[2.918s] [01m[K/home/agalvan-admin/ros2_ws/src/lambda_tm/src/lambda_publisher.cpp:95:48:[m[K [01;31m[Kerror: [m[Kno matching function for call to â€˜[01m[Kmake_shared<<expression error> >()[m[Kâ€™
[2.918s]    95 |     rclcpp::spin(std::make_shared<LambdaForce>([01;31m[K)[m[K);
[2.918s]       |                                                [01;31m[K^[m[K
[2.918s] In file included from [01m[K/usr/include/c++/9/memory:81[m[K,
[2.918s]                  from [01m[K/home/agalvan-admin/ros2_ws/src/lambda_tm/src/lambda_publisher.cpp:9[m[K:
[2.918s] [01m[K/usr/include/c++/9/bits/shared_ptr.h:714:5:[m[K [01;36m[Knote: [m[Kcandidate: â€˜[01m[Ktemplate<class _Tp, class ... _Args> std::shared_ptr<_Tp> std::make_shared(_Args&& ...)[m[Kâ€™
[2.918s]   714 |     [01;36m[Kmake_shared[m[K(_Args&&... __args)
[2.918s]       |     [01;36m[K^~~~~~~~~~~[m[K
[2.918s] [01m[K/usr/include/c++/9/bits/shared_ptr.h:714:5:[m[K [01;36m[Knote: [m[K  template argument deduction/substitution failed:
[2.918s] [01m[K/home/agalvan-admin/ros2_ws/src/lambda_tm/src/lambda_publisher.cpp:95:48:[m[K [01;31m[Kerror: [m[Ktemplate argument 1 is invalid
[2.918s]    95 |     rclcpp::spin(std::make_shared<LambdaForce>([01;31m[K)[m[K);
[2.918s]       |                                                [01;31m[K^[m[K
[3.652s] make[2]: *** [CMakeFiles/lambda_publisher.dir/build.make:63: CMakeFiles/lambda_publisher.dir/src/lambda_publisher.cpp.o] Error 1
[3.652s] make[1]: *** [CMakeFiles/Makefile2:107: CMakeFiles/lambda_publisher.dir/all] Error 2
[3.653s] make: *** [Makefile:141: all] Error 2
[3.657s] Invoked command in '/home/agalvan-admin/ros2_ws/build/lambda_tm' returned '2': CMAKE_PREFIX_PATH=${CMAKE_PREFIX_PATH}:/opt/ros/galactic /usr/bin/cmake --build /home/agalvan-admin/ros2_ws/build/lambda_tm -- -j8 -l8
