[35m[1mScanning dependencies of target lambda_force[0m
[ 50%] Built target lambda_publisher
[ 75%] [32mBuilding CXX object CMakeFiles/lambda_force.dir/src/lambda_force.cpp.o[0m
[01m[K/home/agalvan-admin/ros2_ws/src/lambda_tm/src/lambda_force.cpp:112:[m[K [01;31m[Kerror: [m[Kunterminated argument list invoking macro "RCLCPP_INFO"
  112 | }
      | 
[01m[K/home/agalvan-admin/ros2_ws/src/lambda_tm/src/lambda_force.cpp:64:9:[m[K [01;31m[Kerror: [m[Kexpected â€˜[01m[K}[m[Kâ€™ at end of input
   64 |         [01;31m[KRCLCPP_INFO[m[K(this->get_logger(), b;
      |         [01;31m[K^~~~~~~~~~~[m[K
[01m[K/home/agalvan-admin/ros2_ws/src/lambda_tm/src/lambda_force.cpp:28:1:[m[K [01;36m[Knote: [m[Kto match this â€˜[01m[K{[m[Kâ€™
   28 | [01;36m[K{[m[K
      | [01;36m[K^[m[K
[01m[K/home/agalvan-admin/ros2_ws/src/lambda_tm/src/lambda_force.cpp:[m[K In constructor â€˜[01m[KLambdaForce::LambdaForce()[m[Kâ€™:
[01m[K/home/agalvan-admin/ros2_ws/src/lambda_tm/src/lambda_force.cpp:32:9:[m[K [01;31m[Kerror: [m[Kâ€˜[01m[Klambda_subscriber_[m[Kâ€™ was not declared in this scope
   32 |         [01;31m[Klambda_subscriber_[m[K = this->create_subscription<geometry_msgs::msg::Vector3>("sony_topic", 10, std::bind(&LambdaForce::force_activator, this, _1)); // TODO: change "lambda_force_subscriber" to name of topic & add geometry_msgs type between <>
      |         [01;31m[K^~~~~~~~~~~~~~~~~~[m[K
[01m[K/home/agalvan-admin/ros2_ws/src/lambda_tm/src/lambda_force.cpp:33:9:[m[K [01;31m[Kerror: [m[Kâ€˜[01m[Ktimer_[m[Kâ€™ was not declared in this scope; did you mean â€˜[01m[Ktimer_t[m[Kâ€™?
   33 |         [01;31m[Ktimer_[m[K = this->create_wall_timer(100ms, std::bind(&LambdaForce::check_connection, this)); //TODO: update the time for updatesd for the timer
      |         [01;31m[K^~~~~~[m[K
      |         [32m[Ktimer_t[m[K
[01m[K/home/agalvan-admin/ros2_ws/src/lambda_tm/src/lambda_force.cpp:[m[K In member function â€˜[01m[Kvoid LambdaForce::check_connection()[m[Kâ€™:
[01m[K/home/agalvan-admin/ros2_ws/src/lambda_tm/src/lambda_force.cpp:53:13:[m[K [01;31m[Kerror: [m[Kâ€˜[01m[Khandle_connection[m[Kâ€™ was not declared in this scope; did you mean â€˜[01m[Khandle_disconnection[m[Kâ€™?
   53 |             [01;31m[Khandle_connection[m[K();
      |             [01;31m[K^~~~~~~~~~~~~~~~~[m[K
      |             [32m[Khandle_disconnection[m[K
[01m[K/home/agalvan-admin/ros2_ws/src/lambda_tm/src/lambda_force.cpp:[m[K In member function â€˜[01m[Kvoid LambdaForce::handle_disconnection()[m[Kâ€™:
[01m[K/home/agalvan-admin/ros2_ws/src/lambda_tm/src/lambda_force.cpp:63:34:[m[K [01;31m[Kerror: [m[Kinvalid type argument of unary â€˜[01m[K*[m[Kâ€™ (have â€˜[01m[Kuint[m[Kâ€™ {aka â€˜[01m[Kunsigned int[m[Kâ€™})
   63 |         dhdGetVelocityThreshold(*[01;31m[Kb[m[K);
      |                                  [01;31m[K^[m[K
[01m[K/home/agalvan-admin/ros2_ws/src/lambda_tm/src/lambda_force.cpp:64:9:[m[K [01;31m[Kerror: [m[Kâ€˜[01m[KRCLCPP_INFO[m[Kâ€™ was not declared in this scope
   64 |         [01;31m[KRCLCPP_INFO[m[K(this->get_logger(), b;
      |         [01;31m[K^~~~~~~~~~~[m[K
[01m[K/home/agalvan-admin/ros2_ws/src/lambda_tm/src/lambda_force.cpp:64:9:[m[K [01;31m[Kerror: [m[Kexpected â€˜[01m[K}[m[Kâ€™ at end of input
[01m[K/home/agalvan-admin/ros2_ws/src/lambda_tm/src/lambda_force.cpp:58:5:[m[K [01;36m[Knote: [m[Kto match this â€˜[01m[K{[m[Kâ€™
   58 |     [01;36m[K{[m[K
      |     [01;36m[K^[m[K
[01m[K/home/agalvan-admin/ros2_ws/src/lambda_tm/src/lambda_force.cpp:[m[K At global scope:
[01m[K/home/agalvan-admin/ros2_ws/src/lambda_tm/src/lambda_force.cpp:64:9:[m[K [01;31m[Kerror: [m[Kexpected unqualified-id at end of input
   64 |         [01;31m[KRCLCPP_INFO[m[K(this->get_logger(), b;
      |         [01;31m[K^~~~~~~~~~~[m[K
make[2]: *** [CMakeFiles/lambda_force.dir/build.make:63: CMakeFiles/lambda_force.dir/src/lambda_force.cpp.o] Error 1
make[1]: *** [CMakeFiles/Makefile2:80: CMakeFiles/lambda_force.dir/all] Error 2
make: *** [Makefile:141: all] Error 2
