[0.266s] Invoking command in '/home/agalvan-admin/ros2_ws/build/lambda_tm': CMAKE_PREFIX_PATH=${CMAKE_PREFIX_PATH}:/opt/ros/galactic /usr/bin/cmake --build /home/agalvan-admin/ros2_ws/build/lambda_tm -- -j8 -l8
[0.355s] [35m[1mScanning dependencies of target lambda_force[0m
[0.399s] [ 50%] Built target lambda_publisher
[0.404s] [ 75%] [32mBuilding CXX object CMakeFiles/lambda_force.dir/src/lambda_force.cpp.o[0m
[0.519s] [01m[K/home/agalvan-admin/ros2_ws/src/lambda_tm/src/lambda_force.cpp:112:[m[K [01;31m[Kerror: [m[Kunterminated argument list invoking macro "RCLCPP_INFO"
[0.519s]   112 | }
[0.519s]       | 
[1.810s] [01m[K/home/agalvan-admin/ros2_ws/src/lambda_tm/src/lambda_force.cpp:64:9:[m[K [01;31m[Kerror: [m[Kexpected â€˜[01m[K}[m[Kâ€™ at end of input
[1.810s]    64 |         [01;31m[KRCLCPP_INFO[m[K(this->get_logger(), b;
[1.810s]       |         [01;31m[K^~~~~~~~~~~[m[K
[1.810s] [01m[K/home/agalvan-admin/ros2_ws/src/lambda_tm/src/lambda_force.cpp:28:1:[m[K [01;36m[Knote: [m[Kto match this â€˜[01m[K{[m[Kâ€™
[1.811s]    28 | [01;36m[K{[m[K
[1.811s]       | [01;36m[K^[m[K
[1.814s] [01m[K/home/agalvan-admin/ros2_ws/src/lambda_tm/src/lambda_force.cpp:[m[K In constructor â€˜[01m[KLambdaForce::LambdaForce()[m[Kâ€™:
[1.815s] [01m[K/home/agalvan-admin/ros2_ws/src/lambda_tm/src/lambda_force.cpp:32:9:[m[K [01;31m[Kerror: [m[Kâ€˜[01m[Klambda_subscriber_[m[Kâ€™ was not declared in this scope
[1.815s]    32 |         [01;31m[Klambda_subscriber_[m[K = this->create_subscription<geometry_msgs::msg::Vector3>("sony_topic", 10, std::bind(&LambdaForce::force_activator, this, _1)); // TODO: change "lambda_force_subscriber" to name of topic & add geometry_msgs type between <>
[1.815s]       |         [01;31m[K^~~~~~~~~~~~~~~~~~[m[K
[1.831s] [01m[K/home/agalvan-admin/ros2_ws/src/lambda_tm/src/lambda_force.cpp:33:9:[m[K [01;31m[Kerror: [m[Kâ€˜[01m[Ktimer_[m[Kâ€™ was not declared in this scope; did you mean â€˜[01m[Ktimer_t[m[Kâ€™?
[1.831s]    33 |         [01;31m[Ktimer_[m[K = this->create_wall_timer(100ms, std::bind(&LambdaForce::check_connection, this)); //TODO: update the time for updatesd for the timer
[1.831s]       |         [01;31m[K^~~~~~[m[K
[1.832s]       |         [32m[Ktimer_t[m[K
[1.848s] [01m[K/home/agalvan-admin/ros2_ws/src/lambda_tm/src/lambda_force.cpp:[m[K In member function â€˜[01m[Kvoid LambdaForce::check_connection()[m[Kâ€™:
[1.848s] [01m[K/home/agalvan-admin/ros2_ws/src/lambda_tm/src/lambda_force.cpp:53:13:[m[K [01;31m[Kerror: [m[Kâ€˜[01m[Khandle_connection[m[Kâ€™ was not declared in this scope; did you mean â€˜[01m[Khandle_disconnection[m[Kâ€™?
[1.848s]    53 |             [01;31m[Khandle_connection[m[K();
[1.848s]       |             [01;31m[K^~~~~~~~~~~~~~~~~[m[K
[1.848s]       |             [32m[Khandle_disconnection[m[K
[1.848s] [01m[K/home/agalvan-admin/ros2_ws/src/lambda_tm/src/lambda_force.cpp:[m[K In member function â€˜[01m[Kvoid LambdaForce::handle_disconnection()[m[Kâ€™:
[1.849s] [01m[K/home/agalvan-admin/ros2_ws/src/lambda_tm/src/lambda_force.cpp:63:34:[m[K [01;31m[Kerror: [m[Kinvalid type argument of unary â€˜[01m[K*[m[Kâ€™ (have â€˜[01m[Kuint[m[Kâ€™ {aka â€˜[01m[Kunsigned int[m[Kâ€™})
[1.849s]    63 |         dhdGetVelocityThreshold(*[01;31m[Kb[m[K);
[1.849s]       |                                  [01;31m[K^[m[K
[1.850s] [01m[K/home/agalvan-admin/ros2_ws/src/lambda_tm/src/lambda_force.cpp:64:9:[m[K [01;31m[Kerror: [m[Kâ€˜[01m[KRCLCPP_INFO[m[Kâ€™ was not declared in this scope
[1.850s]    64 |         [01;31m[KRCLCPP_INFO[m[K(this->get_logger(), b;
[1.850s]       |         [01;31m[K^~~~~~~~~~~[m[K
[1.850s] [01m[K/home/agalvan-admin/ros2_ws/src/lambda_tm/src/lambda_force.cpp:64:9:[m[K [01;31m[Kerror: [m[Kexpected â€˜[01m[K}[m[Kâ€™ at end of input
[1.851s] [01m[K/home/agalvan-admin/ros2_ws/src/lambda_tm/src/lambda_force.cpp:58:5:[m[K [01;36m[Knote: [m[Kto match this â€˜[01m[K{[m[Kâ€™
[1.851s]    58 |     [01;36m[K{[m[K
[1.851s]       |     [01;36m[K^[m[K
[1.851s] [01m[K/home/agalvan-admin/ros2_ws/src/lambda_tm/src/lambda_force.cpp:[m[K At global scope:
[1.851s] [01m[K/home/agalvan-admin/ros2_ws/src/lambda_tm/src/lambda_force.cpp:64:9:[m[K [01;31m[Kerror: [m[Kexpected unqualified-id at end of input
[1.851s]    64 |         [01;31m[KRCLCPP_INFO[m[K(this->get_logger(), b;
[1.852s]       |         [01;31m[K^~~~~~~~~~~[m[K
[3.391s] make[2]: *** [CMakeFiles/lambda_force.dir/build.make:63: CMakeFiles/lambda_force.dir/src/lambda_force.cpp.o] Error 1
[3.392s] make[1]: *** [CMakeFiles/Makefile2:80: CMakeFiles/lambda_force.dir/all] Error 2
[3.392s] make: *** [Makefile:141: all] Error 2
[3.397s] Invoked command in '/home/agalvan-admin/ros2_ws/build/lambda_tm' returned '2': CMAKE_PREFIX_PATH=${CMAKE_PREFIX_PATH}:/opt/ros/galactic /usr/bin/cmake --build /home/agalvan-admin/ros2_ws/build/lambda_tm -- -j8 -l8
